-------------------------------------------------------------------------------
Test set: com.mastercard.billingsearch.test.TestBillingSummaryController
-------------------------------------------------------------------------------
Tests run: 1, Failures: 0, Errors: 1, Skipped: 0, Time elapsed: 2.833 s <<< FAILURE! - in com.mastercard.billingsearch.test.TestBillingSummaryController
testBillingSummaryDownload(com.mastercard.billingsearch.test.TestBillingSummaryController)  Time elapsed: 0.016 s  <<< ERROR!
java.lang.IllegalStateException: Failed to load ApplicationContext
Caused by: org.springframework.beans.factory.UnsatisfiedDependencyException: Error creating bean with name 'billingSummaryController': Unsatisfied dependency expressed through field 'summaryService'; nested exception is org.springframework.beans.factory.NoSuchBeanDefinitionException: No qualifying bean of type 'com.mastercard.billingsearch.service.SummaryService' available: expected at least 1 bean which qualifies as autowire candidate. Dependency annotations: {@org.springframework.beans.factory.annotation.Autowired(required=true)}
Caused by: org.springframework.beans.factory.NoSuchBeanDefinitionException: No qualifying bean of type 'com.mastercard.billingsearch.service.SummaryService' available: expected at least 1 bean which qualifies as autowire candidate. Dependency annotations: {@org.springframework.beans.factory.annotation.Autowired(required=true)}

