<?xml version="1.0" encoding="UTF-8"?>
<testsuite xmlns:xsi="http://www.w3.org/2001/XMLSchema-instance" xsi:noNamespaceSchemaLocation="https://maven.apache.org/surefire/maven-surefire-plugin/xsd/surefire-test-report.xsd" name="com.mastercard.billingsearch.test.TestBillingSummaryController" time="6.468" tests="2" errors="0" skipped="0" failures="0">
  <properties>
[...]
</properties>
  <testcase name="testBillingTransactionDetail" classname="com.mastercard.billingsearch.test.TestBillingSummaryController" time="0.185"/>
  <testcase name="testBillingSummaryDownload" classname="com.mastercard.billingsearch.test.TestBillingSummaryController" time="0.009"/>
</testsuite>